<?xml version="1.0" encoding="UTF-8"?>
<!-- Generated by org.testng.reporters.JUnitXMLReporter -->
<testsuite ignored="2" hostname="LAPTOP-J5VP9QPG" failures="0" tests="1" name="Default test" time="2.494" errors="0" timestamp="2023-07-06T19:34:57 IST">
  <testcase classname="com.awfi.tests.GroupCopyTestScenarios" name="copyAlpineAndCheckData" time="2.408"/>
  <testcase classname="com.awfi.tests.GroupCopyTestScenarios" name="createGroupAndCopy" time="0.0">
    <ignored/>
  </testcase> <!-- createGroupAndCopy -->
  <testcase classname="com.awfi.tests.GroupCopyTestScenarios" name="checkGroupUser" time="0.0">
    <ignored/>
  </testcase> <!-- checkGroupUser -->
</testsuite> <!-- Default test -->
